{
  "E:\\ngoding\\Tugas Akhir\\coverage-2-flowchart-combined\\utils\\test.js": {
    "path": "E:\\ngoding\\Tugas Akhir\\coverage-2-flowchart-combined\\utils\\test.js",
    "s": { "1": 1, "2": 1, "3": 1, "4": 1, "5": 1, "6": 1, "7": 1, "8": 0, "9": 0, "10": 0, "11": 0, "12": 0 },
    "b": { "1": [0, 0], "2": [0, 0] },
    "f": {},
    "fnMap": {},
    "statementMap": {
      "1": { "start": { "line": 1, "column": 0 }, "end": { "line": 1, "column": 34 } },
      "2": { "start": { "line": 2, "column": 0 }, "end": { "line": 2, "column": 33 } },
      "3": { "start": { "line": 3, "column": 0 }, "end": { "line": 3, "column": 56 } },
      "4": { "start": { "line": 4, "column": 0 }, "end": { "line": 13, "column": 10 } },
      "5": { "start": { "line": 4, "column": 5 }, "end": { "line": 4, "column": 38 } },
      "6": { "start": { "line": 5, "column": 0 }, "end": { "line": 5, "column": 31 } },
      "7": { "start": { "line": 6, "column": 0 }, "end": { "line": 6, "column": 32 } },
      "8": { "start": { "line": 7, "column": 8 }, "end": { "line": 13, "column": 9 } },
      "9": { "start": { "line": 8, "column": 10 }, "end": { "line": 8, "column": 117 } },
      "10": { "start": { "line": 9, "column": 14 }, "end": { "line": 13, "column": 9 } },
      "11": { "start": { "line": 10, "column": 10 }, "end": { "line": 10, "column": 51 } },
      "12": { "start": { "line": 12, "column": 9 }, "end": { "line": 12, "column": 24 } }
    },
    "branchMap": {
      "1": {
        "line": 7,
        "type": "if",
        "locations": [
          { "start": { "line": 7, "column": 8 }, "end": { "line": 7, "column": 8 } },
          { "start": { "line": 7, "column": 8 }, "end": { "line": 7, "column": 8 } }
        ]
      },
      "2": {
        "line": 9,
        "type": "if",
        "locations": [
          { "start": { "line": 9, "column": 14 }, "end": { "line": 9, "column": 14 } },
          { "start": { "line": 9, "column": 14 }, "end": { "line": 9, "column": 14 } }
        ]
      }
    }
  },
  "E:\\ngoding\\Tugas Akhir\\coverage-2-flowchart-combined\\utils\\main.js": {
    "path": "E:\\ngoding\\Tugas Akhir\\coverage-2-flowchart-combined\\utils\\main.js",
    "s": { "1": 1, "2": 3, "3": 3, "4": 3, "5": 4, "6": 3, "7": 3, "8": 1, "9": 3, "10": 2, "11": 1, "12": 1, "13": 1 },
    "b": { "1": [3, 1], "2": [1, 2], "3": [1, 1] },
    "f": { "1": 3 },
    "fnMap": { "1": { "name": "isPrime", "line": 1, "loc": { "start": { "line": 1, "column": 0 }, "end": { "line": 1, "column": 20 } } } },
    "statementMap": {
      "1": { "start": { "line": 1, "column": 0 }, "end": { "line": 18, "column": 1 } },
      "2": { "start": { "line": 2, "column": 2 }, "end": { "line": 2, "column": 12 } },
      "3": { "start": { "line": 3, "column": 2 }, "end": { "line": 3, "column": 12 } },
      "4": { "start": { "line": 4, "column": 2 }, "end": { "line": 12, "column": 3 } },
      "5": { "start": { "line": 5, "column": 4 }, "end": { "line": 10, "column": 5 } },
      "6": { "start": { "line": 6, "column": 6 }, "end": { "line": 6, "column": 10 } },
      "7": { "start": { "line": 7, "column": 6 }, "end": { "line": 9, "column": 7 } },
      "8": { "start": { "line": 8, "column": 8 }, "end": { "line": 8, "column": 21 } },
      "9": { "start": { "line": 11, "column": 4 }, "end": { "line": 11, "column": 8 } },
      "10": { "start": { "line": 14, "column": 2 }, "end": { "line": 16, "column": 3 } },
      "11": { "start": { "line": 15, "column": 4 }, "end": { "line": 15, "column": 16 } },
      "12": { "start": { "line": 17, "column": 2 }, "end": { "line": 17, "column": 15 } },
      "13": { "start": { "line": 19, "column": 0 }, "end": { "line": 19, "column": 25 } }
    },
    "branchMap": {
      "1": {
        "line": 5,
        "type": "if",
        "locations": [
          { "start": { "line": 5, "column": 4 }, "end": { "line": 5, "column": 4 } },
          { "start": { "line": 5, "column": 4 }, "end": { "line": 5, "column": 4 } }
        ]
      },
      "2": {
        "line": 7,
        "type": "if",
        "locations": [
          { "start": { "line": 7, "column": 6 }, "end": { "line": 7, "column": 6 } },
          { "start": { "line": 7, "column": 6 }, "end": { "line": 7, "column": 6 } }
        ]
      },
      "3": {
        "line": 14,
        "type": "if",
        "locations": [
          { "start": { "line": 14, "column": 2 }, "end": { "line": 14, "column": 2 } },
          { "start": { "line": 14, "column": 2 }, "end": { "line": 14, "column": 2 } }
        ]
      }
    }
  }
}
