{"E:\\ngoding\\Tugas Akhir\\coverage-2-flowchart-combined\\utils\\test.js":{"path":"E:\\ngoding\\Tugas Akhir\\coverage-2-flowchart-combined\\utils\\test.js","s":{"1":1,"2":1,"3":1,"4":1,"5":1,"6":0,"7":0,"8":0,"9":0,"10":0},"b":{"1":[0,0],"2":[0,0]},"f":{},"fnMap":{},"statementMap":{"1":{"start":{"line":1,"column":0},"end":{"line":1,"column":31}},"2":{"start":{"line":2,"column":0},"end":{"line":2,"column":33}},"3":{"start":{"line":3,"column":0},"end":{"line":3,"column":56}},"4":{"start":{"line":4,"column":0},"end":{"line":11,"column":10}},"5":{"start":{"line":4,"column":5},"end":{"line":4,"column":15}},"6":{"start":{"line":5,"column":8},"end":{"line":11,"column":9}},"7":{"start":{"line":6,"column":10},"end":{"line":6,"column":114}},"8":{"start":{"line":7,"column":14},"end":{"line":11,"column":9}},"9":{"start":{"line":8,"column":10},"end":{"line":8,"column":51}},"10":{"start":{"line":10,"column":9},"end":{"line":10,"column":24}}},"branchMap":{"1":{"line":5,"type":"if","locations":[{"start":{"line":5,"column":8},"end":{"line":5,"column":8}},{"start":{"line":5,"column":8},"end":{"line":5,"column":8}}]},"2":{"line":7,"type":"if","locations":[{"start":{"line":7,"column":14},"end":{"line":7,"column":14}},{"start":{"line":7,"column":14},"end":{"line":7,"column":14}}]}}},"E:\\ngoding\\Tugas Akhir\\coverage-2-flowchart-combined\\utils\\main.js":{"path":"E:\\ngoding\\Tugas Akhir\\coverage-2-flowchart-combined\\utils\\main.js","s":{"1":1,"2":1,"3":1},"b":{},"f":{"1":1},"fnMap":{"1":{"name":"yoyo","line":1,"loc":{"start":{"line":1,"column":0},"end":{"line":1,"column":18}}}},"statementMap":{"1":{"start":{"line":1,"column":0},"end":{"line":3,"column":1}},"2":{"start":{"line":2,"column":0},"end":{"line":2,"column":12}},"3":{"start":{"line":4,"column":0},"end":{"line":4,"column":22}}},"branchMap":{}}}