TN:
SF:E:\ngoding\Tugas Akhir\coverage-2-flowchart-combined\utils\test.js
FNF:0
FNH:0
DA:1,1
DA:2,1
DA:3,1
DA:4,1
DA:5,1
DA:6,1
DA:7,0
DA:8,0
DA:9,0
DA:10,0
DA:12,0
LF:11
LH:6
BRDA:7,1,0,0
BRDA:7,1,1,0
BRDA:9,2,0,0
BRDA:9,2,1,0
BRF:4
BRH:0
end_of_record
TN:
SF:E:\ngoding\Tugas Akhir\coverage-2-flowchart-combined\utils\main.js
FN:1,isPrime
FNF:1
FNH:1
FNDA:3,isPrime
DA:1,1
DA:2,3
DA:3,3
DA:4,3
DA:5,4
DA:6,3
DA:7,3
DA:8,1
DA:11,3
DA:14,2
DA:15,1
DA:17,1
DA:19,1
LF:13
LH:13
BRDA:5,1,0,3
BRDA:5,1,1,1
BRDA:7,2,0,1
BRDA:7,2,1,2
BRDA:14,3,0,1
BRDA:14,3,1,1
BRF:6
BRH:6
end_of_record
